# JRE version: OpenJDK Runtime Environment (8.0_51-b16) (build 1.8.0_51-b16)
# Java VM: OpenJDK 64-Bit Server VM (25.51-b03 mixed mode linux-amd64 compressed oops)
Heap:
 PSYoungGen      total 274432K, used 36844K [0x00000000d5580000, 0x00000000e9880000, 0x0000000100000000)
  eden space 236032K, 0% used [0x00000000d5580000,0x00000000d5580000,0x00000000e3c00000)
  from space 38400K, 95% used [0x00000000e3c00000,0x00000000e5ffb200,0x00000000e6180000)
  to   space 20480K, 0% used [0x00000000e6180000,0x00000000e6180000,0x00000000e7580000)
 ParOldGen       total 84992K, used 59871K [0x0000000080000000, 0x0000000085300000, 0x00000000d5580000)
  object space 84992K, 70% used [0x0000000080000000,0x0000000083a77dc8,0x0000000085300000)
 Metaspace       used 51905K, capacity 52204K, committed 52480K, reserved 1091584K
  class space    used 9978K, capacity 10114K, committed 10240K, reserved 1048576K
GC Heap History (10 events):
Event: 1.635 GC heap after
Heap after GC invocations=2 (full 0):
 PSYoungGen      total 68608K, used 5103K [0x00000000d5580000, 0x00000000d9d80000, 0x0000000100000000)
  eden space 63488K, 0% used [0x00000000d5580000,0x00000000d5580000,0x00000000d9380000)
  from space 5120K, 99% used [0x00000000d9880000,0x00000000d9d7bf10,0x00000000d9d80000)
  to   space 5120K, 0% used [0x00000000d9380000,0x00000000d9380000,0x00000000d9880000)
 ParOldGen       total 84992K, used 3202K [0x0000000080000000, 0x0000000085300000, 0x00000000d5580000)
  object space 84992K, 3% used [0x0000000080000000,0x0000000080320800,0x0000000085300000)
 Metaspace       used 15976K, capacity 16254K, committed 16384K, reserved 1062912K
  class space    used 2676K, capacity 2754K, committed 2816K, reserved 1048576K
}
Event: 3.665 GC heap before
{Heap before GC invocations=3 (full 0):
 PSYoungGen      total 68608K, used 68591K [0x00000000d5580000, 0x00000000d9d80000, 0x0000000100000000)
  eden space 63488K, 100% used [0x00000000d5580000,0x00000000d9380000,0x00000000d9380000)
  from space 5120K, 99% used [0x00000000d9880000,0x00000000d9d7bf10,0x00000000d9d80000)
  to   space 5120K, 0% used [0x00000000d9380000,0x00000000d9380000,0x00000000d9880000)
 ParOldGen       total 84992K, used 3202K [0x0000000080000000, 0x0000000085300000, 0x00000000d5580000)
  object space 84992K, 3% used [0x0000000080000000,0x0000000080320800,0x0000000085300000)
 Metaspace       used 28613K, capacity 28842K, committed 28928K, reserved 1073152K
  class space    used 4766K, capacity 4836K, committed 4864K, reserved 1048576K
Event: 3.687 GC heap after
Heap after GC invocations=3 (full 0):
 PSYoungGen      total 68608K, used 5111K [0x00000000d5580000, 0x00000000ddb80000, 0x0000000100000000)
  eden space 63488K, 0% used [0x00000000d5580000,0x00000000d5580000,0x00000000d9380000)
  from space 5120K, 99% used [0x00000000d9380000,0x00000000d987dc18,0x00000000d9880000)
  to   space 5120K, 0% used [0x00000000dd680000,0x00000000dd680000,0x00000000ddb80000)
 ParOldGen       total 84992K, used 13566K [0x0000000080000000, 0x0000000085300000, 0x00000000d5580000)
  object space 84992K, 15% used [0x0000000080000000,0x0000000080d3f9c0,0x0000000085300000)
 Metaspace       used 28613K, capacity 28842K, committed 28928K, reserved 1073152K
  class space    used 4766K, capacity 4836K, committed 4864K, reserved 1048576K
}
Event: 4.967 GC heap before
{Heap before GC invocations=4 (full 0):
 PSYoungGen      total 68608K, used 68599K [0x00000000d5580000, 0x00000000ddb80000, 0x0000000100000000)
  eden space 63488K, 100% used [0x00000000d5580000,0x00000000d9380000,0x00000000d9380000)
  from space 5120K, 99% used [0x00000000d9380000,0x00000000d987dc18,0x00000000d9880000)
  to   space 5120K, 0% used [0x00000000dd680000,0x00000000dd680000,0x00000000ddb80000)
 ParOldGen       total 84992K, used 13566K [0x0000000080000000, 0x0000000085300000, 0x00000000d5580000)
  object space 84992K, 15% used [0x0000000080000000,0x0000000080d3f9c0,0x0000000085300000)
 Metaspace       used 35593K, capacity 35824K, committed 35968K, reserved 1079296K
  class space    used 6440K, capacity 6502K, committed 6528K, reserved 1048576K
Event: 4.995 GC heap after
Heap after GC invocations=4 (full 0):
 PSYoungGen      total 132096K, used 5101K [0x00000000d5580000, 0x00000000ddb80000, 0x0000000100000000)
  eden space 126976K, 0% used [0x00000000d5580000,0x00000000d5580000,0x00000000dd180000)
  from space 5120K, 99% used [0x00000000dd680000,0x00000000ddb7b4c8,0x00000000ddb80000)
  to   space 5120K, 0% used [0x00000000dd180000,0x00000000dd180000,0x00000000dd680000)
 ParOldGen       total 84992K, used 21164K [0x0000000080000000, 0x0000000085300000, 0x00000000d5580000)
  object space 84992K, 24% used [0x0000000080000000,0x00000000814ab0d0,0x0000000085300000)
 Metaspace       used 35593K, capacity 35824K, committed 35968K, reserved 1079296K
  class space    used 6440K, capacity 6502K, committed 6528K, reserved 1048576K
}
Event: 6.670 GC heap before
{Heap before GC invocations=5 (full 0):
 PSYoungGen      total 132096K, used 132077K [0x00000000d5580000, 0x00000000ddb80000, 0x0000000100000000)
  eden space 126976K, 100% used [0x00000000d5580000,0x00000000dd180000,0x00000000dd180000)
  from space 5120K, 99% used [0x00000000dd680000,0x00000000ddb7b4c8,0x00000000ddb80000)
  to   space 5120K, 0% used [0x00000000dd180000,0x00000000dd180000,0x00000000dd680000)
 ParOldGen       total 84992K, used 21164K [0x0000000080000000, 0x0000000085300000, 0x00000000d5580000)
  object space 84992K, 24% used [0x0000000080000000,0x00000000814ab0d0,0x0000000085300000)
 Metaspace       used 42209K, capacity 42472K, committed 42624K, reserved 1083392K
  class space    used 7898K, capacity 7954K, committed 8064K, reserved 1048576K
Event: 6.692 GC heap after
Heap after GC invocations=5 (full 0):
 PSYoungGen      total 132096K, used 5089K [0x00000000d5580000, 0x00000000e7580000, 0x0000000100000000)
  eden space 126976K, 0% used [0x00000000d5580000,0x00000000d5580000,0x00000000dd180000)
  from space 5120K, 99% used [0x00000000dd180000,0x00000000dd678508,0x00000000dd680000)
  to   space 20480K, 0% used [0x00000000e6180000,0x00000000e6180000,0x00000000e7580000)
 ParOldGen       total 84992K, used 33383K [0x0000000080000000, 0x0000000085300000, 0x00000000d5580000)
  object space 84992K, 39% used [0x0000000080000000,0x0000000082099e70,0x0000000085300000)
 Metaspace       used 42209K, capacity 42472K, committed 42624K, reserved 1083392K
  class space    used 7898K, capacity 7954K, committed 8064K, reserved 1048576K
}
Event: 8.236 GC heap before
{Heap before GC invocations=6 (full 0):
 PSYoungGen      total 132096K, used 132065K [0x00000000d5580000, 0x00000000e7580000, 0x0000000100000000)
  eden space 126976K, 100% used [0x00000000d5580000,0x00000000dd180000,0x00000000dd180000)
  from space 5120K, 99% used [0x00000000dd180000,0x00000000dd678508,0x00000000dd680000)
  to   space 20480K, 0% used [0x00000000e6180000,0x00000000e6180000,0x00000000e7580000)
 ParOldGen       total 84992K, used 33383K [0x0000000080000000, 0x0000000085300000, 0x00000000d5580000)
  object space 84992K, 39% used [0x0000000080000000,0x0000000082099e70,0x0000000085300000)
 Metaspace       used 46973K, capacity 47284K, committed 47488K, reserved 1087488K
  class space    used 8914K, capacity 9050K, committed 9088K, reserved 1048576K
Event: 8.323 GC heap after
Heap after GC invocations=6 (full 0):
 PSYoungGen      total 256512K, used 20473K [0x00000000d5580000, 0x00000000e9880000, 0x0000000100000000)
  eden space 236032K, 0% used [0x00000000d5580000,0x00000000d5580000,0x00000000e3c00000)
  from space 20480K, 99% used [0x00000000e6180000,0x00000000e757e7c8,0x00000000e7580000)
  to   space 38400K, 0% used [0x00000000e3c00000,0x00000000e3c00000,0x00000000e6180000)
 ParOldGen       total 84992K, used 58866K [0x0000000080000000, 0x0000000085300000, 0x00000000d5580000)
  object space 84992K, 69% used [0x0000000080000000,0x000000008397c908,0x0000000085300000)
 Metaspace       used 46973K, capacity 47284K, committed 47488K, reserved 1087488K
  class space    used 8914K, capacity 9050K, committed 9088K, reserved 1048576K
}
Event: 11.176 GC heap before
{Heap before GC invocations=7 (full 0):
 PSYoungGen      total 256512K, used 256505K [0x00000000d5580000, 0x00000000e9880000, 0x0000000100000000)
  eden space 236032K, 100% used [0x00000000d5580000,0x00000000e3c00000,0x00000000e3c00000)
  from space 20480K, 99% used [0x00000000e6180000,0x00000000e757e7c8,0x00000000e7580000)
  to   space 38400K, 0% used [0x00000000e3c00000,0x00000000e3c00000,0x00000000e6180000)
 ParOldGen       total 84992K, used 58866K [0x0000000080000000, 0x0000000085300000, 0x00000000d5580000)
  object space 84992K, 69% used [0x0000000080000000,0x000000008397c908,0x0000000085300000)
 Metaspace       used 51905K, capacity 52204K, committed 52480K, reserved 1091584K
  class space    used 9978K, capacity 10114K, committed 10240K, reserved 1048576K

